0 info it worked if it ends with ok
1 verbose cli [ 'node', '/usr/local/bin/npm', 'start' ]
2 info using npm@2.0.0-alpha-5
3 info using node@v0.10.28
4 verbose run-script [ 'prestart', 'start', 'poststart' ]
5 info prestart rest-api-express@0.0.3
6 info start rest-api-express@0.0.3
7 verbose unsafe-perm in lifecycle true
8 info rest-api-express@0.0.3 Failed to exec start script
9 error rest-api-express@0.0.3 start: `node express.js`
9 error Exit status 8
10 error Failed at the rest-api-express@0.0.3 start script.
10 error This is most likely a problem with the rest-api-express package,
10 error not with npm itself.
10 error Tell the author that this fails on your system:
10 error     node express.js
10 error You can get their info via:
10 error     npm owner ls rest-api-express
10 error There is likely additional logging output above.
11 error System Darwin 13.3.0
12 error command "node" "/usr/local/bin/npm" "start"
13 error cwd /Users/nathanmoomaw/Sites/Famo.us/rest-api
14 error node -v v0.10.28
15 error npm -v 2.0.0-alpha-5
16 error code ELIFECYCLE
17 verbose exit [ 1, true ]
